<?xml version="1.0" encoding="UTF-8"?>
<!-- Generated by org.testng.reporters.JUnitReportReporter -->
<testsuite hostname="Sandy" failures="0" tests="1" name="JenPrcts.login" time="6.193" errors="0" timestamp="2024-05-09T17:26:37 IST" skipped="0">
  <testcase classname="JenPrcts.login" name="loh" time="6.193"/>
</testsuite> <!-- JenPrcts.login -->
