<?xml version="1.0" encoding="UTF-8"?>
<!-- Generated by org.testng.reporters.JUnitReportReporter -->
<testsuite hostname="Sandy" failures="0" tests="1" name="JenPrcts.login" time="10.206" errors="0" timestamp="2024-05-09T18:02:13 IST" skipped="0">
  <testcase classname="JenPrcts.login" name="loh" time="10.206"/>
</testsuite> <!-- JenPrcts.login -->
